Copyright 1986-2022 Xilinx, Inc. All Rights Reserved. Copyright 2022-2023 Advanced Micro Devices, Inc. All Rights Reserved.
--------------------------------------------------------------------------------------------------------------------------------------------------
| Tool Version      : Vivado v.2023.2 (lin64) Build 4029153 Fri Oct 13 20:13:54 MDT 2023
| Date              : Fri Oct 10 16:09:14 2025
| Host              : brg-zhang-xcel.ece.cornell.edu running 64-bit Red Hat Enterprise Linux 9.1 (Plow)
| Command           : report_clock_utilization -file design_1_wrapper_clock_utilization_routed.rpt
| Design            : design_1_wrapper
| Device            : xczu3eg-sbva484
| Speed File        : -1  PRODUCTION 1.30 05-15-2022
| Temperature Grade : I
| Design State      : Routed
--------------------------------------------------------------------------------------------------------------------------------------------------

Clock Utilization Report

Table of Contents
-----------------
1. Clock Primitive Utilization
2. Global Clock Resources
3. Global Clock Source Details
4. Clock Regions : Clock Primitives
5. Clock Regions : Load Primitives
6. Clock Regions : Global Clock Summary
7. Clock Regions : Routing Resource Utilization
8. Device Cell Placement Summary for Global Clock g0
9. Device Cell Placement Summary for Global Clock g1
10. Clock Region Cell Placement per Global Clock: Region X0Y2
11. Clock Region Cell Placement per Global Clock: Region X1Y2

1. Clock Primitive Utilization
------------------------------

+------------+------+-----------+-----+--------------+--------+
| Type       | Used | Available | LOC | Clock Region | Pblock |
+------------+------+-----------+-----+--------------+--------+
| BUFGCE     |    1 |        88 |   0 |            0 |      0 |
| BUFGCE_DIV |    0 |        12 |   0 |            0 |      0 |
| BUFGCTRL   |    0 |        24 |   0 |            0 |      0 |
| BUFG_PS    |    1 |        72 |   0 |            0 |      0 |
| MMCM       |    1 |         3 |   0 |            0 |      0 |
| PLL        |    0 |         6 |   0 |            0 |      0 |
+------------+------+-----------+-----+--------------+--------+


2. Global Clock Resources
-------------------------

+-----------+-----------+-----------------+------------+---------------+--------------+------+-------------------+------------------+-------------------+-------------+-----------------+--------------+-------------------------------+-------------------------------------------------------------------+-------------------------------------------+
| Global Id | Source Id | Driver Type/Pin | Constraint | Site          | Clock Region | Root | Clock Delay Group | Clock Low Fanout | Load Clock Region | Clock Loads | Non-Clock Loads | Clock Period | Clock                         | Driver Pin                                                        | Net                                       |
+-----------+-----------+-----------------+------------+---------------+--------------+------+-------------------+------------------+-------------------+-------------+-----------------+--------------+-------------------------------+-------------------------------------------------------------------+-------------------------------------------+
| g0        | src0      | BUFGCE/O        | None       | BUFGCE_X0Y66  | X1Y2         | X0Y2 |                   |                  |                 1 |        1162 |               0 |        5.000 | clk_out1_design_1_clk_wiz_0_0 | design_1_i/clk_wiz_0/inst/clkout1_buf/O                           | design_1_i/clk_wiz_0/inst/clk_out1        |
| g1        | src1      | BUFG_PS/O       | None       | BUFG_PS_X0Y67 | X0Y2         | X0Y2 |                   |                  |                 3 |         430 |               1 |       10.000 | clk_pl_0                      | design_1_i/zynq_ultra_ps_e_0/inst/buffer_pl_clk_0.PL_CLK_0_BUFG/O | design_1_i/zynq_ultra_ps_e_0/inst/pl_clk0 |
+-----------+-----------+-----------------+------------+---------------+--------------+------+-------------------+------------------+-------------------+-------------+-----------------+--------------+-------------------------------+-------------------------------------------------------------------+-------------------------------------------+
* Clock Loads column represents cell count of net connects that connect to a clock pin. Internal cell leaf pins are not considered
** Non-Clock Loads column represents cell count of non-clock pin loads


3. Global Clock Source Details
------------------------------

+-----------+-----------+--------------------+------------+-----------+--------------+-------------+-----------------+---------------------+-------------------------------+---------------------------------------------------+---------------------------------------------------------+
| Source Id | Global Id | Driver Type/Pin    | Constraint | Site      | Clock Region | Clock Loads | Non-Clock Loads | Source Clock Period | Source Clock                  | Driver Pin                                        | Net                                                     |
+-----------+-----------+--------------------+------------+-----------+--------------+-------------+-----------------+---------------------+-------------------------------+---------------------------------------------------+---------------------------------------------------------+
| src0      | g0        | MMCME4_ADV/CLKOUT0 | None       | MMCM_X0Y2 | X1Y2         |           1 |               0 |               5.000 | clk_out1_design_1_clk_wiz_0_0 | design_1_i/clk_wiz_0/inst/mmcme4_adv_inst/CLKOUT0 | design_1_i/clk_wiz_0/inst/clk_out1_design_1_clk_wiz_0_0 |
| src1      | g1        | PS8/PLCLK[0]       | None       | PS8_X0Y0  | X0Y0         |           1 |               0 |              10.000 | clk_pl_0                      | design_1_i/zynq_ultra_ps_e_0/inst/PS8_i/PLCLK[0]  | design_1_i/zynq_ultra_ps_e_0/inst/pl_clk_unbuffered[0]  |
+-----------+-----------+--------------------+------------+-----------+--------------+-------------+-----------------+---------------------+-------------------------------+---------------------------------------------------+---------------------------------------------------------+
* Clock Loads column represents cell count of net connects that connect to a clock pin. Internal cell leaf pins are not considered
** Non-Clock Loads column represents cell count of non-clock pin loads


4. Clock Regions : Clock Primitives
-----------------------------------

+-------------------+---------------+---------------+---------------+---------------+---------------+---------------+---------------+---------------+
|                   |  Global Clock |     BUFGCE    |   BUFGCE_DIV  |    BUFGCTRL   |    BUFG_GT    |    BUFG_PS    |      MMCM     |      PLL      |
+-------------------+-------+-------+-------+-------+-------+-------+-------+-------+-------+-------+-------+-------+-------+-------+-------+-------+
| Clock Region Name | Used  | Avail | Used  | Avail | Used  | Avail | Used  | Avail | Used  | Avail | Used  | Avail | Used  | Avail | Used  | Avail |
+-------------------+-------+-------+-------+-------+-------+-------+-------+-------+-------+-------+-------+-------+-------+-------+-------+-------+
| X0Y0              |     0 |    24 |     0 |     4 |     0 |     0 |     0 |     0 |     0 |     0 |     0 |    24 |     0 |     0 |     0 |     0 |
| X1Y0              |     0 |    24 |     0 |    28 |     0 |     4 |     0 |     8 |     0 |     0 |     0 |     0 |     0 |     1 |     0 |     2 |
| X0Y1              |     0 |    24 |     0 |     4 |     0 |     0 |     0 |     0 |     0 |     0 |     0 |    24 |     0 |     0 |     0 |     0 |
| X1Y1              |     0 |    24 |     0 |    24 |     0 |     4 |     0 |     8 |     0 |     0 |     0 |     0 |     0 |     1 |     0 |     2 |
| X0Y2              |     2 |    24 |     0 |     4 |     0 |     0 |     0 |     0 |     0 |     0 |     1 |    24 |     0 |     0 |     0 |     0 |
| X1Y2              |     1 |    24 |     1 |    24 |     0 |     4 |     0 |     8 |     0 |     0 |     0 |     0 |     1 |     1 |     0 |     2 |
+-------------------+-------+-------+-------+-------+-------+-------+-------+-------+-------+-------+-------+-------+-------+-------+-------+-------+
* Global Clock column represents track count; while other columns represents cell counts


5. Clock Regions : Load Primitives
----------------------------------

+-------------------+------------------+------------------+------------------+------------------+------------------+------------------+------------------+
|                   |   Global Clock   |        FF        |      LUTRAM      |  Block RAM (18K) |        DSP       |        GT        |      HARD IP     |
+-------------------+--------+---------+--------+---------+--------+---------+--------+---------+--------+---------+--------+---------+--------+---------+
| Clock Region Name | Used   | Avail   | Used   | Avail   | Used   | Avail   | Used   | Avail   | Used   | Avail   | Used   | Avail   | Used   | Avail   |
+-------------------+--------+---------+--------+---------+--------+---------+--------+---------+--------+---------+--------+---------+--------+---------+
| X0Y0              |      0 |      24 |      0 |   27840 |      0 |    4800 |      0 |      72 |      0 |      72 |      0 |       0 |      0 |       0 |
| X1Y0              |      0 |      24 |      0 |   19200 |      0 |    4800 |      0 |      72 |      0 |      48 |      0 |       0 |      0 |       0 |
| X0Y1              |      0 |      24 |      0 |   27840 |      0 |    4800 |      0 |      72 |      0 |      72 |      0 |       0 |      0 |       0 |
| X1Y1              |      0 |      24 |      0 |   19200 |      0 |    4800 |      0 |      72 |      0 |      48 |      0 |       0 |      0 |       0 |
| X0Y2              |      2 |      24 |   1499 |   27840 |     92 |    4800 |      0 |      72 |      0 |      72 |      0 |       0 |      0 |       0 |
| X1Y2              |      1 |      24 |      0 |   19200 |      0 |    4800 |      0 |      72 |      0 |      48 |      0 |       0 |      0 |       0 |
+-------------------+--------+---------+--------+---------+--------+---------+--------+---------+--------+---------+--------+---------+--------+---------+
* Global Clock column represents track count; while other columns represents cell counts


6. Clock Regions : Global Clock Summary
---------------------------------------

All Modules
+----+----+----+
|    | X0 | X1 |
+----+----+----+
| Y2 |  2 |  2 |
| Y1 |  0 |  0 |
| Y0 |  0 |  0 |
+----+----+----+


7. Clock Regions : Routing Resource Utilization
-----------------------------------------------

All Modules
+-------------------+----------------------+----------------------+----------------------+----------------------+
|                   |        HROUTES       |        HDISTRS       |        VROUTES       |        VDISTRS       |
+-------------------+------+-------+-------+------+-------+-------+------+-------+-------+------+-------+-------+
| Clock Region Name | Used | Avail | Util% | Used | Avail | Util% | Used | Avail | Util% | Used | Avail | Util% |
+-------------------+------+-------+-------+------+-------+-------+------+-------+-------+------+-------+-------+
| X0Y0              |    0 |    24 |  0.00 |    0 |    24 |  0.00 |    0 |    24 |  0.00 |    0 |    24 |  0.00 |
| X1Y0              |    0 |    24 |  0.00 |    0 |    24 |  0.00 |    0 |    24 |  0.00 |    0 |    24 |  0.00 |
| X0Y1              |    0 |    24 |  0.00 |    0 |    24 |  0.00 |    0 |    24 |  0.00 |    0 |    24 |  0.00 |
| X1Y1              |    0 |    24 |  0.00 |    0 |    24 |  0.00 |    0 |    24 |  0.00 |    0 |    24 |  0.00 |
| X0Y2              |    3 |    24 | 12.50 |    2 |    24 |  8.33 |    0 |    24 |  0.00 |    2 |    24 |  8.33 |
| X1Y2              |    2 |    24 |  8.33 |    1 |    24 |  4.17 |    0 |    24 |  0.00 |    0 |    24 |  0.00 |
+-------------------+------+-------+-------+------+-------+-------+------+-------+-------+------+-------+-------+


8. Device Cell Placement Summary for Global Clock g0
----------------------------------------------------

+-----------+-----------------+-------------------+-------------------------------+-------------+---------------+----------+-------------+----------+----------------+----------+------------------------------------+
| Global Id | Driver Type/Pin | Driver Region (D) | Clock                         | Period (ns) | Waveform (ns) | Root (R) | Slice Loads | IO Loads | Clocking Loads | GT Loads | Net                                |
+-----------+-----------------+-------------------+-------------------------------+-------------+---------------+----------+-------------+----------+----------------+----------+------------------------------------+
| g0        | BUFGCE/O        | X1Y2              | clk_out1_design_1_clk_wiz_0_0 |       5.000 | {0.000 2.500} | X0Y2     |        1162 |        0 |              0 |        0 | design_1_i/clk_wiz_0/inst/clk_out1 |
+-----------+-----------------+-------------------+-------------------------------+-------------+---------------+----------+-------------+----------+----------------+----------+------------------------------------+
* Slice Loads column represents load cell count of all cell types other than IO, GT and clock resources
** IO Loads column represents load cell count of IO types
*** Clocking Loads column represents load cell count that are clock resources (global clock buffer, MMCM, PLL, etc)
**** GT Loads column represents load cell count of GT types


+----+----------+--------+-----------------------+
|    | X0       | X1     | HORIZONTAL PROG DELAY |
+----+----------+--------+-----------------------+
| Y2 | (R) 1162 |  (D) 0 |                     0 |
| Y1 |        0 |      0 |                     - |
| Y0 |        0 |      0 |                     - |
+----+----------+--------+-----------------------+


9. Device Cell Placement Summary for Global Clock g1
----------------------------------------------------

+-----------+-----------------+-------------------+----------+-------------+---------------+----------+-------------+----------+----------------+----------+-------------------------------------------+
| Global Id | Driver Type/Pin | Driver Region (D) | Clock    | Period (ns) | Waveform (ns) | Root (R) | Slice Loads | IO Loads | Clocking Loads | GT Loads | Net                                       |
+-----------+-----------------+-------------------+----------+-------------+---------------+----------+-------------+----------+----------------+----------+-------------------------------------------+
| g1        | BUFG_PS/O       | X0Y2              | clk_pl_0 |      10.000 | {0.000 5.000} | X0Y2     |         430 |        0 |              1 |        0 | design_1_i/zynq_ultra_ps_e_0/inst/pl_clk0 |
+-----------+-----------------+-------------------+----------+-------------+---------------+----------+-------------+----------+----------------+----------+-------------------------------------------+
* Slice Loads column represents load cell count of all cell types other than IO, GT and clock resources
** IO Loads column represents load cell count of IO types
*** Clocking Loads column represents load cell count that are clock resources (global clock buffer, MMCM, PLL, etc)
**** GT Loads column represents load cell count of GT types


+----+-------------+----+-----------------------+
|    | X0          | X1 | HORIZONTAL PROG DELAY |
+----+-------------+----+-----------------------+
| Y2 | (R) (D) 429 |  1 |                     0 |
| Y1 |           0 |  0 |                     - |
| Y0 |           1 |  0 |                     0 |
+----+-------------+----+-----------------------+


10. Clock Region Cell Placement per Global Clock: Region X0Y2
-------------------------------------------------------------

+-----------+-------+-----------------+------------+-------------+-----------------+------+-------------+------+-----+----+------+-----+---------+-------------------------------------------+
| Global Id | Track | Driver Type/Pin | Constraint | Clock Loads | Non-Clock Loads | FF   | Memory LUTs | RAMB | DSP | GT | MMCM | PLL | Hard IP | Net                                       |
+-----------+-------+-----------------+------------+-------------+-----------------+------+-------------+------+-----+----+------+-----+---------+-------------------------------------------+
| g0        | 18    | BUFGCE/O        | None       |        1162 |               0 | 1082 |          80 |    0 |   0 |  0 |    0 |   0 |       0 | design_1_i/clk_wiz_0/inst/clk_out1        |
| g1        | 19    | BUFG_PS/O       | None       |         429 |               0 |  417 |          12 |    0 |   0 |  0 |    0 |   0 |       0 | design_1_i/zynq_ultra_ps_e_0/inst/pl_clk0 |
+-----------+-------+-----------------+------------+-------------+-----------------+------+-------------+------+-----+----+------+-----+---------+-------------------------------------------+
* Clock Loads column represents cell count of net connects that connect to a clock pin. Internal cell leaf pins are not considered
** Non-Clock Loads column represents cell count of non-clock pin loads
*** Columns FF, LUTRAM, RAMB through 'Hard IP' represents load cell counts


11. Clock Region Cell Placement per Global Clock: Region X1Y2
-------------------------------------------------------------

+-----------+-------+-----------------+------------+-------------+-----------------+----+-------------+------+-----+----+------+-----+---------+-------------------------------------------+
| Global Id | Track | Driver Type/Pin | Constraint | Clock Loads | Non-Clock Loads | FF | Memory LUTs | RAMB | DSP | GT | MMCM | PLL | Hard IP | Net                                       |
+-----------+-------+-----------------+------------+-------------+-----------------+----+-------------+------+-----+----+------+-----+---------+-------------------------------------------+
| g0+       | 18    | BUFGCE/O        | None       |           0 |               0 |  0 |           0 |    0 |   0 |  0 |    0 |   0 |       0 | design_1_i/clk_wiz_0/inst/clk_out1        |
| g1        | 19    | BUFG_PS/O       | None       |           0 |               1 |  0 |           0 |    0 |   0 |  0 |    1 |   0 |       0 | design_1_i/zynq_ultra_ps_e_0/inst/pl_clk0 |
+-----------+-------+-----------------+------------+-------------+-----------------+----+-------------+------+-----+----+------+-----+---------+-------------------------------------------+
* Clock Loads column represents cell count of net connects that connect to a clock pin. Internal cell leaf pins are not considered
** Non-Clock Loads column represents cell count of non-clock pin loads
*** Columns FF, LUTRAM, RAMB through 'Hard IP' represents load cell counts
**** In Global Id column, sympbol '+' indicates that global clock was used only to route through the clock region.


